  NameCardMain.c
C:\Users\ehdck\OneDrive - zlp6x\바탕 화면\열혈_자료구조\Data_Structure_Src\Ch03\pratice_array\NameCardMain.c(1,1): warning C4819: 현재 코드 페이지(949)에서 표시할 수 없는 문자가 파일에 들어 있습니다. 데이터가 손실되지 않게 하려면 해당 파일을 유니코드 형식으로 저장하십시오.
C:\Users\ehdck\OneDrive - zlp6x\바탕 화면\열혈_자료구조\Data_Structure_Src\Ch03\pratice_array\NameCard.h(1,1): warning C4828: 파일에 0x25f 오프셋에서 시작하는 문자가 포함되어 있습니다. 이 문자는 현재 원본 문자 집합에서 잘못된 문자입니다(코드 페이지 949).
C:\Users\ehdck\OneDrive - zlp6x\바탕 화면\열혈_자료구조\Data_Structure_Src\Ch03\pratice_array\NameCard.h(1,1): warning C4819: 현재 코드 페이지(949)에서 표시할 수 없는 문자가 파일에 들어 있습니다. 데이터가 손실되지 않게 하려면 해당 파일을 유니코드 형식으로 저장하십시오.
C:\Users\ehdck\OneDrive - zlp6x\바탕 화면\열혈_자료구조\Data_Structure_Src\Ch03\pratice_array\NameCardMain.c(12,40): error C2143: 구문 오류: ')'이(가) '상수' 앞에 없습니다.
C:\Users\ehdck\OneDrive - zlp6x\바탕 화면\열혈_자료구조\Data_Structure_Src\Ch03\pratice_array\NameCardMain.c(12,13): error C2198: 'MakeNameCard': 호출에 인수가 너무 적습니다.
C:\Users\ehdck\OneDrive - zlp6x\바탕 화면\열혈_자료구조\Data_Structure_Src\Ch03\pratice_array\NameCardMain.c(12,51): error C2001: 상수에 줄 바꿈 문자가 있습니다.
C:\Users\ehdck\OneDrive - zlp6x\바탕 화면\열혈_자료구조\Data_Structure_Src\Ch03\pratice_array\NameCardMain.c(14,36): error C2041: '9' 숫자가 잘못되었습니다(기본 '8').
C:\Users\ehdck\OneDrive - zlp6x\바탕 화면\열혈_자료구조\Data_Structure_Src\Ch03\pratice_array\NameCardMain.c(14,36): error C2143: 구문 오류: ')'이(가) '상수' 앞에 없습니다.
C:\Users\ehdck\OneDrive - zlp6x\바탕 화면\열혈_자료구조\Data_Structure_Src\Ch03\pratice_array\NameCardMain.c(14,13): error C2198: 'MakeNameCard': 호출에 인수가 너무 적습니다.
C:\Users\ehdck\OneDrive - zlp6x\바탕 화면\열혈_자료구조\Data_Structure_Src\Ch03\pratice_array\NameCardMain.c(14,47): error C2001: 상수에 줄 바꿈 문자가 있습니다.
C:\Users\ehdck\OneDrive - zlp6x\바탕 화면\열혈_자료구조\Data_Structure_Src\Ch03\pratice_array\NameCardMain.c(16,36): error C2041: '8' 숫자가 잘못되었습니다(기본 '8').
C:\Users\ehdck\OneDrive - zlp6x\바탕 화면\열혈_자료구조\Data_Structure_Src\Ch03\pratice_array\NameCardMain.c(16,36): error C2143: 구문 오류: ')'이(가) '상수' 앞에 없습니다.
C:\Users\ehdck\OneDrive - zlp6x\바탕 화면\열혈_자료구조\Data_Structure_Src\Ch03\pratice_array\NameCardMain.c(16,13): error C2198: 'MakeNameCard': 호출에 인수가 너무 적습니다.
C:\Users\ehdck\OneDrive - zlp6x\바탕 화면\열혈_자료구조\Data_Structure_Src\Ch03\pratice_array\NameCardMain.c(16,47): error C2001: 상수에 줄 바꿈 문자가 있습니다.
C:\Users\ehdck\OneDrive - zlp6x\바탕 화면\열혈_자료구조\Data_Structure_Src\Ch03\pratice_array\NameCardMain.c(22,27): warning C4047: '함수': 'LData *'의 간접 참조 수준이 'NameCard **'과(와) 다릅니다.
C:\Users\ehdck\OneDrive - zlp6x\바탕 화면\열혈_자료구조\Data_Structure_Src\Ch03\pratice_array\NameCardMain.c(22,21): warning C4024: 'LFirst': 형식 및 실제 매개 변수 2의 형식이 서로 다릅니다.
C:\Users\ehdck\OneDrive - zlp6x\바탕 화면\열혈_자료구조\Data_Structure_Src\Ch03\pratice_array\NameCardMain.c(24,31): error C2001: 상수에 줄 바꿈 문자가 있습니다.
C:\Users\ehdck\OneDrive - zlp6x\바탕 화면\열혈_자료구조\Data_Structure_Src\Ch03\pratice_array\NameCardMain.c(25,9): error C2143: 구문 오류: ')'이(가) '{' 앞에 없습니다.
C:\Users\ehdck\OneDrive - zlp6x\바탕 화면\열혈_자료구조\Data_Structure_Src\Ch03\pratice_array\NameCardMain.c(30,38): warning C4047: '함수': 'LData *'의 간접 참조 수준이 'NameCard **'과(와) 다릅니다.
C:\Users\ehdck\OneDrive - zlp6x\바탕 화면\열혈_자료구조\Data_Structure_Src\Ch03\pratice_array\NameCardMain.c(30,32): warning C4024: 'LNext': 형식 및 실제 매개 변수 2의 형식이 서로 다릅니다.
C:\Users\ehdck\OneDrive - zlp6x\바탕 화면\열혈_자료구조\Data_Structure_Src\Ch03\pratice_array\NameCardMain.c(32,40): error C2001: 상수에 줄 바꿈 문자가 있습니다.
C:\Users\ehdck\OneDrive - zlp6x\바탕 화면\열혈_자료구조\Data_Structure_Src\Ch03\pratice_array\NameCardMain.c(33,17): error C2143: 구문 오류: ')'이(가) '{' 앞에 없습니다.
C:\Users\ehdck\OneDrive - zlp6x\바탕 화면\열혈_자료구조\Data_Structure_Src\Ch03\pratice_array\NameCardMain.c(39,5): error C2059: 구문 오류: '}'
C:\Users\ehdck\OneDrive - zlp6x\바탕 화면\열혈_자료구조\Data_Structure_Src\Ch03\pratice_array\NameCardMain.c(43,1): error C2059: 구문 오류: 'if'
C:\Users\ehdck\OneDrive - zlp6x\바탕 화면\열혈_자료구조\Data_Structure_Src\Ch03\pratice_array\NameCardMain.c(52,1): error C2059: 구문 오류: '}'
